android/build/intermediates/manifest_merge_blame_file/debug/manifest-merger-blame-debug-report.txt
1<?xml version="1.0" encoding="utf-8"?>
2<manifest xmlns:android="http://schemas.android.com/apk/res/android"
3    package="com.byteowls.capacitor.filesharer" >
4
5    <uses-sdk
6        android:minSdkVersion="21"
6-->src/main/AndroidManifest.xml
7        android:targetSdkVersion="28" />
7-->src/main/AndroidManifest.xml
8
9    <application>
9-->src/main/AndroidManifest.xml:4:5-14:19
10        <provider
10-->src/main/AndroidManifest.xml:5:9-13:20
11            android:name="com.byteowls.capacitor.filesharer.FileSharerProvider"
11-->src/main/AndroidManifest.xml:6:13-47
12            android:authorities="${applicationId}.filesharer.fileprovider"
12-->src/main/AndroidManifest.xml:7:13-75
13            android:exported="false"
13-->src/main/AndroidManifest.xml:8:13-37
14            android:grantUriPermissions="true" >
14-->src/main/AndroidManifest.xml:9:13-47
15            <meta-data
15-->src/main/AndroidManifest.xml:10:13-12:57
16                android:name="android.support.FILE_PROVIDER_PATHS"
16-->src/main/AndroidManifest.xml:11:17-67
17                android:resource="@xml/sharing_paths" />
17-->src/main/AndroidManifest.xml:12:17-54
18        </provider>
19    </application>
20
21</manifest>